<?xml version="1.0" encoding="UTF-8"?>
<!-- Generated by org.testng.reporters.JUnitXMLReporter -->
<testsuite ignored="0" hostname="DESKTOP-A7DKS3T" failures="0" tests="3" name="GroupTest" time="2.431" errors="0" timestamp="19 Aug 2022 01:46:57 GMT">
  <testcase classname="com.testNG.test.TestNGPractice" name="bill" time="0.009"/>
  <testcase classname="com.testNG.test.TestNGPractice" name="cart" time="0.085"/>
  <testcase classname="com.testNG.test.TestNGPractice" name="search" time="0.0"/>
</testsuite> <!-- GroupTest -->
