<?xml version="1.0" encoding="UTF-8"?>
<!-- Generated by org.testng.reporters.JUnitXMLReporter -->
<testsuite ignored="0" hostname="DESKTOP-A7DKS3T" failures="0" tests="6" name="Parallel_Test" time="9.236" errors="0" timestamp="19 Aug 2022 02:17:11 GMT">
  <testcase classname="com.testNG.test.ParallelTest" name="openAmazon" time="2.781"/>
  <testcase classname="com.testNG.test.ParallelTest" name="openFaceBook" time="1.72"/>
  <testcase classname="com.testNG.test.ParallelTest" name="openGoggle" time="1.948"/>
  <testcase classname="com.testNG.test.TestNGPractice" name="bill" time="0.001"/>
  <testcase classname="com.testNG.test.TestNGPractice" name="cart" time="0.118"/>
  <testcase classname="com.testNG.test.TestNGPractice" name="search" time="0.001"/>
</testsuite> <!-- Parallel_Test -->
