<?xml version="1.0" encoding="UTF-8"?>
<!-- Generated by org.testng.reporters.JUnitXMLReporter -->
<testsuite ignored="0" hostname="DESKTOP-A7DKS3T" failures="0" tests="3" name="Test" time="3.922" errors="0" timestamp="19 Aug 2022 02:11:10 GMT">
  <testcase classname="com.testNG.test.ParallelTest" name="openFaceBook" time="2.899"/>
  <testcase classname="com.testNG.test.ParallelTest" name="openGoggle" time="3.064"/>
  <testcase classname="com.testNG.test.ParallelTest" name="openAmazon" time="3.904"/>
</testsuite> <!-- Test -->
