<?xml version="1.0" encoding="UTF-8"?>
<testng-results ignored="0" total="1" passed="1" failed="0" skipped="0">
  <reporter-output>
  </reporter-output>
  <suite started-at="2022-08-23T04:49:59Z" name="Default suite" finished-at="2022-08-23T04:50:03Z" duration-ms="3339">
    <groups>
    </groups>
    <test started-at="2022-08-23T04:49:59Z" name="Default test" finished-at="2022-08-23T04:50:03Z" duration-ms="3339">
      <class name="seleniumJavaPractice.HandleWebTable">
        <test-method signature="getTable()[pri:0, instance:seleniumJavaPractice.HandleWebTable@39fcbef6]" started-at="2022-08-23T04:49:59Z" name="getTable" finished-at="2022-08-23T04:50:03Z" duration-ms="3319" status="PASS">
          <reporter-output>
          </reporter-output>
        </test-method> <!-- getTable -->
      </class> <!-- seleniumJavaPractice.HandleWebTable -->
    </test> <!-- Default test -->
  </suite> <!-- Default suite -->
</testng-results>
